<?xml version="1.0" encoding="UTF-8"?>
<testng-results skipped="0" failed="0" ignored="0" total="1" passed="1">
  <reporter-output>
  </reporter-output>
  <suite name="Default suite" duration-ms="10786" started-at="2020-03-10T06:03:16Z" finished-at="2020-03-10T06:03:27Z">
    <groups>
    </groups>
    <test name="Default test" duration-ms="10786" started-at="2020-03-10T06:03:16Z" finished-at="2020-03-10T06:03:27Z">
      <class name="com.demo.Base">
        <test-method status="PASS" signature="openBrowser()[pri:0, instance:com.demo.Base@26be92ad]" name="openBrowser" is-config="true" duration-ms="10700" started-at="2020-03-10T06:03:17Z" finished-at="2020-03-10T06:03:27Z">
          <reporter-output>
          </reporter-output>
        </test-method> <!-- openBrowser -->
        <test-method status="PASS" signature="m1()[pri:0, instance:com.demo.Base@26be92ad]" name="m1" duration-ms="29" started-at="2020-03-10T06:03:27Z" finished-at="2020-03-10T06:03:27Z">
          <reporter-output>
          </reporter-output>
        </test-method> <!-- m1 -->
      </class> <!-- com.demo.Base -->
    </test> <!-- Default test -->
  </suite> <!-- Default suite -->
</testng-results>
